0 info it worked if it ends with ok
1 verbose cli [ '/usr/local/bin/node',
1 verbose cli   '/usr/local/bin/npm',
1 verbose cli   'run',
1 verbose cli   'env:server' ]
2 info using npm@3.9.5
3 info using node@v6.2.2
4 verbose run-script [ 'preenv:server', 'env:server', 'postenv:server' ]
5 info lifecycle person-project@1.0.0~preenv:server: person-project@1.0.0
6 silly lifecycle person-project@1.0.0~preenv:server: no script for preenv:server, continuing
7 info lifecycle person-project@1.0.0~env:server: person-project@1.0.0
8 verbose lifecycle person-project@1.0.0~env:server: unsafe-perm in lifecycle true
9 verbose lifecycle person-project@1.0.0~env:server: PATH: /usr/local/lib/node_modules/npm/bin/node-gyp-bin:/Users/baidu/project/person-project/node_modules/.bin:/usr/local/bin:/Users/baidu/.rvm/gems/ruby-2.3.0/bin:/Users/baidu/.rvm/gems/ruby-2.3.0@global/bin:/Users/baidu/.rvm/rubies/ruby-2.3.0/bin:/usr/local/bin:/usr/bin:/bin:/usr/sbin:/sbin:/Library/Frameworks/Mono.framework/Versions/Current/Commands:/Users/baidu/.rvm/bin
10 verbose lifecycle person-project@1.0.0~env:server: CWD: /Users/baidu/project/person-project
11 silly lifecycle person-project@1.0.0~env:server: Args: [ '-c', 'NODE_ENV=development babel-node server' ]
12 silly lifecycle person-project@1.0.0~env:server: Returned: code: 1  signal: null
13 info lifecycle person-project@1.0.0~env:server: Failed to exec env:server script
14 verbose stack Error: person-project@1.0.0 env:server: `NODE_ENV=development babel-node server`
14 verbose stack Exit status 1
14 verbose stack     at EventEmitter.<anonymous> (/usr/local/lib/node_modules/npm/lib/utils/lifecycle.js:245:16)
14 verbose stack     at emitTwo (events.js:106:13)
14 verbose stack     at EventEmitter.emit (events.js:191:7)
14 verbose stack     at ChildProcess.<anonymous> (/usr/local/lib/node_modules/npm/lib/utils/spawn.js:24:14)
14 verbose stack     at emitTwo (events.js:106:13)
14 verbose stack     at ChildProcess.emit (events.js:191:7)
14 verbose stack     at maybeClose (internal/child_process.js:852:16)
14 verbose stack     at Process.ChildProcess._handle.onexit (internal/child_process.js:215:5)
15 verbose pkgid person-project@1.0.0
16 verbose cwd /Users/baidu/project/person-project
17 error Darwin 15.2.0
18 error argv "/usr/local/bin/node" "/usr/local/bin/npm" "run" "env:server"
19 error node v6.2.2
20 error npm  v3.9.5
21 error code ELIFECYCLE
22 error person-project@1.0.0 env:server: `NODE_ENV=development babel-node server`
22 error Exit status 1
23 error Failed at the person-project@1.0.0 env:server script 'NODE_ENV=development babel-node server'.
23 error Make sure you have the latest version of node.js and npm installed.
23 error If you do, this is most likely a problem with the person-project package,
23 error not with npm itself.
23 error Tell the author that this fails on your system:
23 error     NODE_ENV=development babel-node server
23 error You can get information on how to open an issue for this project with:
23 error     npm bugs person-project
23 error Or if that isn't available, you can get their info via:
23 error     npm owner ls person-project
23 error There is likely additional logging output above.
24 verbose exit [ 1, true ]
